2022-05-10 21:14:03.493  INFO 22648 --- [main] m.s.SpringBootJ2cacheApplication         : Starting SpringBootJ2cacheApplication using Java 16.0.2 on mao with PID 22648 (H:\程序\大三下期\spring_boot_j2cache\target\classes started by mao in H:\程序\大三下期\spring_boot_j2cache)
2022-05-10 21:14:03.495 DEBUG 22648 --- [main] m.s.SpringBootJ2cacheApplication         : Running with Spring Boot v2.6.7, Spring v5.3.19
2022-05-10 21:14:03.496  INFO 22648 --- [main] m.s.SpringBootJ2cacheApplication         : The following 1 profile is active: "dev"
2022-05-10 21:14:04.000  INFO 22648 --- [main] .s.d.r.c.RepositoryConfigurationDelegate : Multiple Spring Data modules found, entering strict repository configuration mode!
2022-05-10 21:14:04.002  INFO 22648 --- [main] .s.d.r.c.RepositoryConfigurationDelegate : Bootstrapping Spring Data Redis repositories in DEFAULT mode.
2022-05-10 21:14:04.018  INFO 22648 --- [main] .s.d.r.c.RepositoryConfigurationDelegate : Finished Spring Data repository scanning in 6 ms. Found 0 Redis repository interfaces.
2022-05-10 21:14:04.388  INFO 22648 --- [main] o.s.b.w.embedded.tomcat.TomcatWebServer  : Tomcat initialized with port(s): 8080 (http)
2022-05-10 21:14:04.395  INFO 22648 --- [main] o.apache.catalina.core.StandardService   : Starting service [Tomcat]
2022-05-10 21:14:04.396  INFO 22648 --- [main] org.apache.catalina.core.StandardEngine  : Starting Servlet engine: [Apache Tomcat/9.0.62]
2022-05-10 21:14:04.497  INFO 22648 --- [main] o.a.c.c.C.[Tomcat].[localhost].[/]       : Initializing Spring embedded WebApplicationContext
2022-05-10 21:14:04.498  INFO 22648 --- [main] w.s.c.ServletWebServerApplicationContext : Root WebApplicationContext: initialization completed in 968 ms
2022-05-10 21:14:04.573  INFO 22648 --- [main] c.a.d.s.b.a.DruidDataSourceAutoConfigure : Init DruidDataSource
2022-05-10 21:14:04.666  INFO 22648 --- [main] com.alibaba.druid.pool.DruidDataSource   : {dataSource-1} inited
2022-05-10 21:14:05.266  WARN 22648 --- [main] .j.a.J2CacheSpringRedisAutoConfiguration : Redis mode [null] not defined. Using 'single'.
2022-05-10 21:14:05.287  INFO 22648 --- [main] n.o.j2cache.util.SerializationUtils      : Using Serializer -> [java:net.oschina.j2cache.util.JavaSerializer]
2022-05-10 21:14:05.380  INFO 22648 --- [main] net.oschina.j2cache.CacheProviderHolder  : Using L1 CacheProvider : net.oschina.j2cache.ehcache.EhCacheProvider
2022-05-10 21:14:05.382  INFO 22648 --- [main] net.oschina.j2cache.CacheProviderHolder  : Using L2 CacheProvider : net.oschina.j2cache.cache.support.redis.SpringRedisProvider
2022-05-10 21:14:05.384  INFO 22648 --- [main] net.oschina.j2cache.J2CacheBuilder       : Using cluster policy : net.oschina.j2cache.cache.support.redis.SpringRedisPubSubPolicy
2022-05-10 21:14:05.498  INFO 22648 --- [main] o.s.b.w.embedded.tomcat.TomcatWebServer  : Tomcat started on port(s): 8080 (http) with context path ''
2022-05-10 21:14:05.524  INFO 22648 --- [main] m.s.SpringBootJ2cacheApplication         : Started SpringBootJ2cacheApplication in 2.374 seconds (JVM running for 3.03)
2022-05-10 21:14:30.430  INFO 22648 --- [http-nio-8080-exec-2] o.a.c.c.C.[Tomcat].[localhost].[/]       : Initializing Spring DispatcherServlet 'dispatcherServlet'
2022-05-10 21:14:30.430  INFO 22648 --- [http-nio-8080-exec-2] o.s.web.servlet.DispatcherServlet        : Initializing Servlet 'dispatcherServlet'
2022-05-10 21:14:30.431  INFO 22648 --- [http-nio-8080-exec-2] o.s.web.servlet.DispatcherServlet        : Completed initialization in 1 ms
2022-05-10 21:14:30.468 ERROR 22648 --- [http-nio-8080-exec-2] o.a.c.c.C.[.[.[/].[dispatcherServlet]    : Servlet.service() for servlet [dispatcherServlet] in context with path [] threw exception [Request processing failed; nested exception is java.lang.NullPointerException: Cannot invoke "net.oschina.j2cache.CacheChannel.get(String, String, boolean[])" because "this.cache" is null] with root cause

java.lang.NullPointerException: Cannot invoke "net.oschina.j2cache.CacheChannel.get(String, String, boolean[])" because "this.cache" is null
	at mao.spring_boot_j2cache.service.impl.BookServiceImpl.getBookById(BookServiceImpl.java:81) ~[classes/:na]
	at mao.spring_boot_j2cache.service.impl.BookServiceImpl$$FastClassBySpringCGLIB$$36dc7d19.invoke(<generated>) ~[classes/:na]
	at org.springframework.cglib.proxy.MethodProxy.invoke(MethodProxy.java:218) ~[spring-core-5.3.19.jar:5.3.19]
	at org.springframework.aop.framework.CglibAopProxy.invokeMethod(CglibAopProxy.java:386) ~[spring-aop-5.3.19.jar:5.3.19]
	at org.springframework.aop.framework.CglibAopProxy.access$000(CglibAopProxy.java:85) ~[spring-aop-5.3.19.jar:5.3.19]
	at org.springframework.aop.framework.CglibAopProxy$DynamicAdvisedInterceptor.intercept(CglibAopProxy.java:704) ~[spring-aop-5.3.19.jar:5.3.19]
	at mao.spring_boot_j2cache.service.impl.BookServiceImpl$$EnhancerBySpringCGLIB$$4e55bfc6.getBookById(<generated>) ~[classes/:na]
	at mao.spring_boot_j2cache.controller.BookController.getBook(BookController.java:149) ~[classes/:na]
	at java.base/jdk.internal.reflect.NativeMethodAccessorImpl.invoke0(Native Method) ~[na:na]
	at java.base/jdk.internal.reflect.NativeMethodAccessorImpl.invoke(NativeMethodAccessorImpl.java:78) ~[na:na]
	at java.base/jdk.internal.reflect.DelegatingMethodAccessorImpl.invoke(DelegatingMethodAccessorImpl.java:43) ~[na:na]
	at java.base/java.lang.reflect.Method.invoke(Method.java:567) ~[na:na]
	at org.springframework.web.method.support.InvocableHandlerMethod.doInvoke(InvocableHandlerMethod.java:205) ~[spring-web-5.3.19.jar:5.3.19]
	at org.springframework.web.method.support.InvocableHandlerMethod.invokeForRequest(InvocableHandlerMethod.java:150) ~[spring-web-5.3.19.jar:5.3.19]
	at org.springframework.web.servlet.mvc.method.annotation.ServletInvocableHandlerMethod.invokeAndHandle(ServletInvocableHandlerMethod.java:117) ~[spring-webmvc-5.3.19.jar:5.3.19]
	at org.springframework.web.servlet.mvc.method.annotation.RequestMappingHandlerAdapter.invokeHandlerMethod(RequestMappingHandlerAdapter.java:895) ~[spring-webmvc-5.3.19.jar:5.3.19]
	at org.springframework.web.servlet.mvc.method.annotation.RequestMappingHandlerAdapter.handleInternal(RequestMappingHandlerAdapter.java:808) ~[spring-webmvc-5.3.19.jar:5.3.19]
	at org.springframework.web.servlet.mvc.method.AbstractHandlerMethodAdapter.handle(AbstractHandlerMethodAdapter.java:87) ~[spring-webmvc-5.3.19.jar:5.3.19]
	at org.springframework.web.servlet.DispatcherServlet.doDispatch(DispatcherServlet.java:1067) ~[spring-webmvc-5.3.19.jar:5.3.19]
	at org.springframework.web.servlet.DispatcherServlet.doService(DispatcherServlet.java:963) ~[spring-webmvc-5.3.19.jar:5.3.19]
	at org.springframework.web.servlet.FrameworkServlet.processRequest(FrameworkServlet.java:1006) ~[spring-webmvc-5.3.19.jar:5.3.19]
	at org.springframework.web.servlet.FrameworkServlet.doGet(FrameworkServlet.java:898) ~[spring-webmvc-5.3.19.jar:5.3.19]
	at javax.servlet.http.HttpServlet.service(HttpServlet.java:655) ~[tomcat-embed-core-9.0.62.jar:4.0.FR]
	at org.springframework.web.servlet.FrameworkServlet.service(FrameworkServlet.java:883) ~[spring-webmvc-5.3.19.jar:5.3.19]
	at javax.servlet.http.HttpServlet.service(HttpServlet.java:764) ~[tomcat-embed-core-9.0.62.jar:4.0.FR]
	at org.apache.catalina.core.ApplicationFilterChain.internalDoFilter(ApplicationFilterChain.java:227) ~[tomcat-embed-core-9.0.62.jar:9.0.62]
	at org.apache.catalina.core.ApplicationFilterChain.doFilter(ApplicationFilterChain.java:162) ~[tomcat-embed-core-9.0.62.jar:9.0.62]
	at org.apache.tomcat.websocket.server.WsFilter.doFilter(WsFilter.java:53) ~[tomcat-embed-websocket-9.0.62.jar:9.0.62]
	at org.apache.catalina.core.ApplicationFilterChain.internalDoFilter(ApplicationFilterChain.java:189) ~[tomcat-embed-core-9.0.62.jar:9.0.62]
	at org.apache.catalina.core.ApplicationFilterChain.doFilter(ApplicationFilterChain.java:162) ~[tomcat-embed-core-9.0.62.jar:9.0.62]
	at org.springframework.web.filter.RequestContextFilter.doFilterInternal(RequestContextFilter.java:100) ~[spring-web-5.3.19.jar:5.3.19]
	at org.springframework.web.filter.OncePerRequestFilter.doFilter(OncePerRequestFilter.java:117) ~[spring-web-5.3.19.jar:5.3.19]
	at org.apache.catalina.core.ApplicationFilterChain.internalDoFilter(ApplicationFilterChain.java:189) ~[tomcat-embed-core-9.0.62.jar:9.0.62]
	at org.apache.catalina.core.ApplicationFilterChain.doFilter(ApplicationFilterChain.java:162) ~[tomcat-embed-core-9.0.62.jar:9.0.62]
	at org.springframework.web.filter.FormContentFilter.doFilterInternal(FormContentFilter.java:93) ~[spring-web-5.3.19.jar:5.3.19]
	at org.springframework.web.filter.OncePerRequestFilter.doFilter(OncePerRequestFilter.java:117) ~[spring-web-5.3.19.jar:5.3.19]
	at org.apache.catalina.core.ApplicationFilterChain.internalDoFilter(ApplicationFilterChain.java:189) ~[tomcat-embed-core-9.0.62.jar:9.0.62]
	at org.apache.catalina.core.ApplicationFilterChain.doFilter(ApplicationFilterChain.java:162) ~[tomcat-embed-core-9.0.62.jar:9.0.62]
	at org.springframework.web.filter.CharacterEncodingFilter.doFilterInternal(CharacterEncodingFilter.java:201) ~[spring-web-5.3.19.jar:5.3.19]
	at org.springframework.web.filter.OncePerRequestFilter.doFilter(OncePerRequestFilter.java:117) ~[spring-web-5.3.19.jar:5.3.19]
	at org.apache.catalina.core.ApplicationFilterChain.internalDoFilter(ApplicationFilterChain.java:189) ~[tomcat-embed-core-9.0.62.jar:9.0.62]
	at org.apache.catalina.core.ApplicationFilterChain.doFilter(ApplicationFilterChain.java:162) ~[tomcat-embed-core-9.0.62.jar:9.0.62]
	at org.apache.catalina.core.StandardWrapperValve.invoke(StandardWrapperValve.java:197) ~[tomcat-embed-core-9.0.62.jar:9.0.62]
	at org.apache.catalina.core.StandardContextValve.invoke(StandardContextValve.java:97) ~[tomcat-embed-core-9.0.62.jar:9.0.62]
	at org.apache.catalina.authenticator.AuthenticatorBase.invoke(AuthenticatorBase.java:541) ~[tomcat-embed-core-9.0.62.jar:9.0.62]
	at org.apache.catalina.core.StandardHostValve.invoke(StandardHostValve.java:135) ~[tomcat-embed-core-9.0.62.jar:9.0.62]
	at org.apache.catalina.valves.ErrorReportValve.invoke(ErrorReportValve.java:92) ~[tomcat-embed-core-9.0.62.jar:9.0.62]
	at org.apache.catalina.core.StandardEngineValve.invoke(StandardEngineValve.java:78) ~[tomcat-embed-core-9.0.62.jar:9.0.62]
	at org.apache.catalina.connector.CoyoteAdapter.service(CoyoteAdapter.java:360) ~[tomcat-embed-core-9.0.62.jar:9.0.62]
	at org.apache.coyote.http11.Http11Processor.service(Http11Processor.java:399) ~[tomcat-embed-core-9.0.62.jar:9.0.62]
	at org.apache.coyote.AbstractProcessorLight.process(AbstractProcessorLight.java:65) ~[tomcat-embed-core-9.0.62.jar:9.0.62]
	at org.apache.coyote.AbstractProtocol$ConnectionHandler.process(AbstractProtocol.java:890) ~[tomcat-embed-core-9.0.62.jar:9.0.62]
	at org.apache.tomcat.util.net.NioEndpoint$SocketProcessor.doRun(NioEndpoint.java:1743) ~[tomcat-embed-core-9.0.62.jar:9.0.62]
	at org.apache.tomcat.util.net.SocketProcessorBase.run(SocketProcessorBase.java:49) ~[tomcat-embed-core-9.0.62.jar:9.0.62]
	at org.apache.tomcat.util.threads.ThreadPoolExecutor.runWorker(ThreadPoolExecutor.java:1191) ~[tomcat-embed-core-9.0.62.jar:9.0.62]
	at org.apache.tomcat.util.threads.ThreadPoolExecutor$Worker.run(ThreadPoolExecutor.java:659) ~[tomcat-embed-core-9.0.62.jar:9.0.62]
	at org.apache.tomcat.util.threads.TaskThread$WrappingRunnable.run(TaskThread.java:61) ~[tomcat-embed-core-9.0.62.jar:9.0.62]
	at java.base/java.lang.Thread.run(Thread.java:831) ~[na:na]

2022-05-10 21:15:21.160  INFO 22648 --- [SpringApplicationShutdownHook] com.alibaba.druid.pool.DruidDataSource   : {dataSource-1} closing ...
2022-05-10 21:15:21.161  INFO 22648 --- [SpringApplicationShutdownHook] com.alibaba.druid.pool.DruidDataSource   : {dataSource-1} closed
2022-05-10 21:15:25.985  INFO 9532 --- [main] m.s.SpringBootJ2cacheApplication         : Starting SpringBootJ2cacheApplication using Java 16.0.2 on mao with PID 9532 (H:\程序\大三下期\spring_boot_j2cache\target\classes started by mao in H:\程序\大三下期\spring_boot_j2cache)
2022-05-10 21:15:25.987 DEBUG 9532 --- [main] m.s.SpringBootJ2cacheApplication         : Running with Spring Boot v2.6.7, Spring v5.3.19
2022-05-10 21:15:25.987  INFO 9532 --- [main] m.s.SpringBootJ2cacheApplication         : The following 1 profile is active: "dev"
2022-05-10 21:15:26.456  INFO 9532 --- [main] .s.d.r.c.RepositoryConfigurationDelegate : Multiple Spring Data modules found, entering strict repository configuration mode!
2022-05-10 21:15:26.458  INFO 9532 --- [main] .s.d.r.c.RepositoryConfigurationDelegate : Bootstrapping Spring Data Redis repositories in DEFAULT mode.
2022-05-10 21:15:26.474  INFO 9532 --- [main] .s.d.r.c.RepositoryConfigurationDelegate : Finished Spring Data repository scanning in 6 ms. Found 0 Redis repository interfaces.
2022-05-10 21:15:26.839  INFO 9532 --- [main] o.s.b.w.embedded.tomcat.TomcatWebServer  : Tomcat initialized with port(s): 8080 (http)
2022-05-10 21:15:26.845  INFO 9532 --- [main] o.apache.catalina.core.StandardService   : Starting service [Tomcat]
2022-05-10 21:15:26.845  INFO 9532 --- [main] org.apache.catalina.core.StandardEngine  : Starting Servlet engine: [Apache Tomcat/9.0.62]
2022-05-10 21:15:26.944  INFO 9532 --- [main] o.a.c.c.C.[Tomcat].[localhost].[/]       : Initializing Spring embedded WebApplicationContext
2022-05-10 21:15:26.945  INFO 9532 --- [main] w.s.c.ServletWebServerApplicationContext : Root WebApplicationContext: initialization completed in 928 ms
2022-05-10 21:15:27.010  INFO 9532 --- [main] c.a.d.s.b.a.DruidDataSourceAutoConfigure : Init DruidDataSource
2022-05-10 21:15:27.102  INFO 9532 --- [main] com.alibaba.druid.pool.DruidDataSource   : {dataSource-1} inited
2022-05-10 21:15:27.313  INFO 9532 --- [main] n.o.j2cache.util.SerializationUtils      : Using Serializer -> [java:net.oschina.j2cache.util.JavaSerializer]
2022-05-10 21:15:27.392  INFO 9532 --- [main] net.oschina.j2cache.CacheProviderHolder  : Using L1 CacheProvider : net.oschina.j2cache.ehcache.EhCacheProvider
2022-05-10 21:15:27.406  WARN 9532 --- [main] .j.a.J2CacheSpringRedisAutoConfiguration : Redis mode [null] not defined. Using 'single'.
2022-05-10 21:15:27.465  INFO 9532 --- [main] net.oschina.j2cache.CacheProviderHolder  : Using L2 CacheProvider : net.oschina.j2cache.cache.support.redis.SpringRedisProvider
2022-05-10 21:15:27.471  INFO 9532 --- [main] net.oschina.j2cache.J2CacheBuilder       : Using cluster policy : net.oschina.j2cache.cache.support.redis.SpringRedisPubSubPolicy
2022-05-10 21:15:27.890  INFO 9532 --- [main] o.s.b.w.embedded.tomcat.TomcatWebServer  : Tomcat started on port(s): 8080 (http) with context path ''
2022-05-10 21:15:27.917  INFO 9532 --- [main] m.s.SpringBootJ2cacheApplication         : Started SpringBootJ2cacheApplication in 2.28 seconds (JVM running for 2.796)
2022-05-10 21:15:32.817  INFO 9532 --- [http-nio-8080-exec-1] o.a.c.c.C.[Tomcat].[localhost].[/]       : Initializing Spring DispatcherServlet 'dispatcherServlet'
2022-05-10 21:15:32.818  INFO 9532 --- [http-nio-8080-exec-1] o.s.web.servlet.DispatcherServlet        : Initializing Servlet 'dispatcherServlet'
2022-05-10 21:15:32.818  INFO 9532 --- [http-nio-8080-exec-1] o.s.web.servlet.DispatcherServlet        : Completed initialization in 0 ms
2022-05-10 21:15:32.866  WARN 9532 --- [http-nio-8080-exec-1] n.o.j2cache.ehcache.EhCacheProvider      : Could not find configuration [book]; using defaults (TTL:1800 seconds).
2022-05-10 21:16:57.023  INFO 9532 --- [SpringApplicationShutdownHook] com.alibaba.druid.pool.DruidDataSource   : {dataSource-1} closing ...
2022-05-10 21:16:57.024  INFO 9532 --- [SpringApplicationShutdownHook] com.alibaba.druid.pool.DruidDataSource   : {dataSource-1} closed
2022-05-10 21:17:00.760  INFO 5848 --- [main] m.s.SpringBootJ2cacheApplication         : Starting SpringBootJ2cacheApplication using Java 16.0.2 on mao with PID 5848 (H:\程序\大三下期\spring_boot_j2cache\target\classes started by mao in H:\程序\大三下期\spring_boot_j2cache)
2022-05-10 21:17:00.761 DEBUG 5848 --- [main] m.s.SpringBootJ2cacheApplication         : Running with Spring Boot v2.6.7, Spring v5.3.19
2022-05-10 21:17:00.762  INFO 5848 --- [main] m.s.SpringBootJ2cacheApplication         : The following 1 profile is active: "dev"
2022-05-10 21:17:01.248  INFO 5848 --- [main] .s.d.r.c.RepositoryConfigurationDelegate : Multiple Spring Data modules found, entering strict repository configuration mode!
2022-05-10 21:17:01.250  INFO 5848 --- [main] .s.d.r.c.RepositoryConfigurationDelegate : Bootstrapping Spring Data Redis repositories in DEFAULT mode.
2022-05-10 21:17:01.265  INFO 5848 --- [main] .s.d.r.c.RepositoryConfigurationDelegate : Finished Spring Data repository scanning in 6 ms. Found 0 Redis repository interfaces.
